# JRE version: OpenJDK Runtime Environment (8.0_242-b01) (build 1.8.0_242-release-1644-b01)
# Java VM: OpenJDK 64-Bit Server VM (25.242-b01 mixed mode windows-amd64 compressed oops)
Heap:
 PSYoungGen      total 258560K, used 141938K [0x00000000e0000000, 0x00000000f6f80000, 0x0000000100000000)
  eden space 245760K, 52% used [0x00000000e0000000,0x00000000e7e20c88,0x00000000ef000000)
  from space 12800K, 99% used [0x00000000ef000000,0x00000000efc7be48,0x00000000efc80000)
  to   space 16384K, 0% used [0x00000000f5f80000,0x00000000f5f80000,0x00000000f6f80000)
 ParOldGen       total 65536K, used 19891K [0x00000000a0000000, 0x00000000a4000000, 0x00000000e0000000)
  object space 65536K, 30% used [0x00000000a0000000,0x00000000a136ce88,0x00000000a4000000)
 Metaspace       used 52173K, capacity 55466K, committed 55552K, reserved 1097728K
  class space    used 7045K, capacity 7622K, committed 7680K, reserved 1048576K
GC Heap History (10 events):
Event: 11.599 GC heap before
{Heap before GC invocations=7 (full 1):
 PSYoungGen      total 140288K, used 9033K [0x00000000e0000000, 0x00000000e9600000, 0x0000000100000000)
  eden space 130048K, 0% used [0x00000000e0000000,0x00000000e0000000,0x00000000e7f00000)
  from space 10240K, 88% used [0x00000000e8a00000,0x00000000e92d24d0,0x00000000e9400000)
  to   space 11264K, 0% used [0x00000000e7f00000,0x00000000e7f00000,0x00000000e8a00000)
 ParOldGen       total 86016K, used 7142K [0x00000000a0000000, 0x00000000a5400000, 0x00000000e0000000)
  object space 86016K, 8% used [0x00000000a0000000,0x00000000a06f9b70,0x00000000a5400000)
 Metaspace       used 20191K, capacity 21150K, committed 21296K, reserved 1067008K
  class space    used 2867K, capacity 3099K, committed 3200K, reserved 1048576K
Event: 11.677 GC heap after
Heap after GC invocations=7 (full 1):
 PSYoungGen      total 140288K, used 0K [0x00000000e0000000, 0x00000000e9600000, 0x0000000100000000)
  eden space 130048K, 0% used [0x00000000e0000000,0x00000000e0000000,0x00000000e7f00000)
  from space 10240K, 0% used [0x00000000e8a00000,0x00000000e8a00000,0x00000000e9400000)
  to   space 11264K, 0% used [0x00000000e7f00000,0x00000000e7f00000,0x00000000e8a00000)
 ParOldGen       total 49664K, used 9826K [0x00000000a0000000, 0x00000000a3080000, 0x00000000e0000000)
  object space 49664K, 19% used [0x00000000a0000000,0x00000000a0998958,0x00000000a3080000)
 Metaspace       used 20191K, capacity 21150K, committed 21296K, reserved 1067008K
  class space    used 2867K, capacity 3099K, committed 3200K, reserved 1048576K
}
Event: 13.390 GC heap before
{Heap before GC invocations=8 (full 1):
 PSYoungGen      total 140288K, used 130048K [0x00000000e0000000, 0x00000000e9600000, 0x0000000100000000)
  eden space 130048K, 100% used [0x00000000e0000000,0x00000000e7f00000,0x00000000e7f00000)
  from space 10240K, 0% used [0x00000000e8a00000,0x00000000e8a00000,0x00000000e9400000)
  to   space 11264K, 0% used [0x00000000e7f00000,0x00000000e7f00000,0x00000000e8a00000)
 ParOldGen       total 49664K, used 9826K [0x00000000a0000000, 0x00000000a3080000, 0x00000000e0000000)
  object space 49664K, 19% used [0x00000000a0000000,0x00000000a0998958,0x00000000a3080000)
 Metaspace       used 27289K, capacity 28818K, committed 28928K, reserved 1073152K
  class space    used 4008K, capacity 4325K, committed 4352K, reserved 1048576K
Event: 13.406 GC heap after
Heap after GC invocations=8 (full 1):
 PSYoungGen      total 141312K, used 10003K [0x00000000e0000000, 0x00000000f0b80000, 0x0000000100000000)
  eden space 130048K, 0% used [0x00000000e0000000,0x00000000e0000000,0x00000000e7f00000)
  from space 11264K, 88% used [0x00000000e7f00000,0x00000000e88c4d58,0x00000000e8a00000)
  to   space 12800K, 0% used [0x00000000eff00000,0x00000000eff00000,0x00000000f0b80000)
 ParOldGen       total 49664K, used 9834K [0x00000000a0000000, 0x00000000a3080000, 0x00000000e0000000)
  object space 49664K, 19% used [0x00000000a0000000,0x00000000a099a958,0x00000000a3080000)
 Metaspace       used 27289K, capacity 28818K, committed 28928K, reserved 1073152K
  class space    used 4008K, capacity 4325K, committed 4352K, reserved 1048576K
}
Event: 14.621 GC heap before
{Heap before GC invocations=9 (full 1):
 PSYoungGen      total 141312K, used 52765K [0x00000000e0000000, 0x00000000f0b80000, 0x0000000100000000)
  eden space 130048K, 32% used [0x00000000e0000000,0x00000000e29c27e8,0x00000000e7f00000)
  from space 11264K, 88% used [0x00000000e7f00000,0x00000000e88c4d58,0x00000000e8a00000)
  to   space 12800K, 0% used [0x00000000eff00000,0x00000000eff00000,0x00000000f0b80000)
 ParOldGen       total 49664K, used 9834K [0x00000000a0000000, 0x00000000a3080000, 0x00000000e0000000)
  object space 49664K, 19% used [0x00000000a0000000,0x00000000a099a958,0x00000000a3080000)
 Metaspace       used 33471K, capacity 35272K, committed 35456K, reserved 1079296K
  class space    used 4770K, capacity 5147K, committed 5248K, reserved 1048576K
Event: 14.637 GC heap after
Heap after GC invocations=9 (full 1):
 PSYoungGen      total 256000K, used 8986K [0x00000000e0000000, 0x00000000f0900000, 0x0000000100000000)
  eden space 245760K, 0% used [0x00000000e0000000,0x00000000e0000000,0x00000000ef000000)
  from space 10240K, 87% used [0x00000000eff00000,0x00000000f07c6a28,0x00000000f0900000)
  to   space 12800K, 0% used [0x00000000ef000000,0x00000000ef000000,0x00000000efc80000)
 ParOldGen       total 49664K, used 9842K [0x00000000a0000000, 0x00000000a3080000, 0x00000000e0000000)
  object space 49664K, 19% used [0x00000000a0000000,0x00000000a099c958,0x00000000a3080000)
 Metaspace       used 33471K, capacity 35272K, committed 35456K, reserved 1079296K
  class space    used 4770K, capacity 5147K, committed 5248K, reserved 1048576K
}
Event: 14.637 GC heap before
{Heap before GC invocations=10 (full 2):
 PSYoungGen      total 256000K, used 8986K [0x00000000e0000000, 0x00000000f0900000, 0x0000000100000000)
  eden space 245760K, 0% used [0x00000000e0000000,0x00000000e0000000,0x00000000ef000000)
  from space 10240K, 87% used [0x00000000eff00000,0x00000000f07c6a28,0x00000000f0900000)
  to   space 12800K, 0% used [0x00000000ef000000,0x00000000ef000000,0x00000000efc80000)
 ParOldGen       total 49664K, used 9842K [0x00000000a0000000, 0x00000000a3080000, 0x00000000e0000000)
  object space 49664K, 19% used [0x00000000a0000000,0x00000000a099c958,0x00000000a3080000)
 Metaspace       used 33471K, capacity 35272K, committed 35456K, reserved 1079296K
  class space    used 4770K, capacity 5147K, committed 5248K, reserved 1048576K
Event: 14.741 GC heap after
Heap after GC invocations=10 (full 2):
 PSYoungGen      total 256000K, used 0K [0x00000000e0000000, 0x00000000f0900000, 0x0000000100000000)
  eden space 245760K, 0% used [0x00000000e0000000,0x00000000e0000000,0x00000000ef000000)
  from space 10240K, 0% used [0x00000000eff00000,0x00000000eff00000,0x00000000f0900000)
  to   space 12800K, 0% used [0x00000000ef000000,0x00000000ef000000,0x00000000efc80000)
 ParOldGen       total 65536K, used 15875K [0x00000000a0000000, 0x00000000a4000000, 0x00000000e0000000)
  object space 65536K, 24% used [0x00000000a0000000,0x00000000a0f80f78,0x00000000a4000000)
 Metaspace       used 33467K, capacity 35260K, committed 35456K, reserved 1079296K
  class space    used 4769K, capacity 5145K, committed 5248K, reserved 1048576K
}
Event: 26.249 GC heap before
{Heap before GC invocations=11 (full 2):
 PSYoungGen      total 256000K, used 245760K [0x00000000e0000000, 0x00000000f0900000, 0x0000000100000000)
  eden space 245760K, 100% used [0x00000000e0000000,0x00000000ef000000,0x00000000ef000000)
  from space 10240K, 0% used [0x00000000eff00000,0x00000000eff00000,0x00000000f0900000)
  to   space 12800K, 0% used [0x00000000ef000000,0x00000000ef000000,0x00000000efc80000)
 ParOldGen       total 65536K, used 15875K [0x00000000a0000000, 0x00000000a4000000, 0x00000000e0000000)
  object space 65536K, 24% used [0x00000000a0000000,0x00000000a0f80f78,0x00000000a4000000)
 Metaspace       used 44735K, capacity 47838K, committed 48128K, reserved 1091584K
  class space    used 6279K, capacity 6848K, committed 6912K, reserved 1048576K
Event: 26.288 GC heap after
Heap after GC invocations=11 (full 2):
 PSYoungGen      total 258560K, used 12783K [0x00000000e0000000, 0x00000000f6f80000, 0x0000000100000000)
  eden space 245760K, 0% used [0x00000000e0000000,0x00000000e0000000,0x00000000ef000000)
  from space 12800K, 99% used [0x00000000ef000000,0x00000000efc7be48,0x00000000efc80000)
  to   space 16384K, 0% used [0x00000000f5f80000,0x00000000f5f80000,0x00000000f6f80000)
 ParOldGen       total 65536K, used 19891K [0x00000000a0000000, 0x00000000a4000000, 0x00000000e0000000)
  object space 65536K, 30% used [0x00000000a0000000,0x00000000a136ce88,0x00000000a4000000)
 Metaspace       used 44735K, capacity 47838K, committed 48128K, reserved 1091584K
  class space    used 6279K, capacity 6848K, committed 6912K, reserved 1048576K
}

