# JRE version: OpenJDK Runtime Environment (8.0_242-b01) (build 1.8.0_242-release-1644-b01)
# Java VM: OpenJDK 64-Bit Server VM (25.242-b01 mixed mode windows-amd64 compressed oops)
Heap:
 PSYoungGen      total 230912K, used 117458K [0x00000000e0000000, 0x00000000f3680000, 0x0000000100000000)
  eden space 218112K, 49% used [0x00000000e0000000,0x00000000e699f388,0x00000000ed500000)
  from space 12800K, 72% used [0x00000000ed500000,0x00000000ede157a0,0x00000000ee180000)
  to   space 12800K, 0% used [0x00000000f2a00000,0x00000000f2a00000,0x00000000f3680000)
 ParOldGen       total 75776K, used 15729K [0x00000000a0000000, 0x00000000a4a00000, 0x00000000e0000000)
  object space 75776K, 20% used [0x00000000a0000000,0x00000000a0f5c668,0x00000000a4a00000)
 Metaspace       used 38604K, capacity 40882K, committed 41008K, reserved 1085440K
  class space    used 5408K, capacity 5840K, committed 5936K, reserved 1048576K
GC Heap History (10 events):
Event: 8.420 GC heap before
{Heap before GC invocations=7 (full 1):
 PSYoungGen      total 140288K, used 9057K [0x00000000e0000000, 0x00000000e9600000, 0x0000000100000000)
  eden space 130048K, 0% used [0x00000000e0000000,0x00000000e0000000,0x00000000e7f00000)
  from space 10240K, 88% used [0x00000000e8a00000,0x00000000e92d84a0,0x00000000e9400000)
  to   space 11264K, 0% used [0x00000000e7f00000,0x00000000e7f00000,0x00000000e8a00000)
 ParOldGen       total 86016K, used 7143K [0x00000000a0000000, 0x00000000a5400000, 0x00000000e0000000)
  object space 86016K, 8% used [0x00000000a0000000,0x00000000a06f9ed0,0x00000000a5400000)
 Metaspace       used 20293K, capacity 21246K, committed 21296K, reserved 1067008K
  class space    used 2883K, capacity 3105K, committed 3120K, reserved 1048576K
Event: 8.499 GC heap after
Heap after GC invocations=7 (full 1):
 PSYoungGen      total 140288K, used 0K [0x00000000e0000000, 0x00000000e9600000, 0x0000000100000000)
  eden space 130048K, 0% used [0x00000000e0000000,0x00000000e0000000,0x00000000e7f00000)
  from space 10240K, 0% used [0x00000000e8a00000,0x00000000e8a00000,0x00000000e9400000)
  to   space 11264K, 0% used [0x00000000e7f00000,0x00000000e7f00000,0x00000000e8a00000)
 ParOldGen       total 55808K, used 9873K [0x00000000a0000000, 0x00000000a3680000, 0x00000000e0000000)
  object space 55808K, 17% used [0x00000000a0000000,0x00000000a09a4598,0x00000000a3680000)
 Metaspace       used 20293K, capacity 21246K, committed 21296K, reserved 1067008K
  class space    used 2883K, capacity 3105K, committed 3120K, reserved 1048576K
}
Event: 15.187 GC heap before
{Heap before GC invocations=8 (full 1):
 PSYoungGen      total 140288K, used 130048K [0x00000000e0000000, 0x00000000e9600000, 0x0000000100000000)
  eden space 130048K, 100% used [0x00000000e0000000,0x00000000e7f00000,0x00000000e7f00000)
  from space 10240K, 0% used [0x00000000e8a00000,0x00000000e8a00000,0x00000000e9400000)
  to   space 11264K, 0% used [0x00000000e7f00000,0x00000000e7f00000,0x00000000e8a00000)
 ParOldGen       total 55808K, used 9873K [0x00000000a0000000, 0x00000000a3680000, 0x00000000e0000000)
  object space 55808K, 17% used [0x00000000a0000000,0x00000000a09a4598,0x00000000a3680000)
 Metaspace       used 27328K, capacity 28946K, committed 29232K, reserved 1075200K
  class space    used 4013K, capacity 4325K, committed 4400K, reserved 1048576K
Event: 15.217 GC heap after
Heap after GC invocations=8 (full 1):
 PSYoungGen      total 141312K, used 10003K [0x00000000e0000000, 0x00000000ef180000, 0x0000000100000000)
  eden space 130048K, 0% used [0x00000000e0000000,0x00000000e0000000,0x00000000e7f00000)
  from space 11264K, 88% used [0x00000000e7f00000,0x00000000e88c4fa8,0x00000000e8a00000)
  to   space 12800K, 0% used [0x00000000ee500000,0x00000000ee500000,0x00000000ef180000)
 ParOldGen       total 55808K, used 9881K [0x00000000a0000000, 0x00000000a3680000, 0x00000000e0000000)
  object space 55808K, 17% used [0x00000000a0000000,0x00000000a09a6598,0x00000000a3680000)
 Metaspace       used 27328K, capacity 28946K, committed 29232K, reserved 1075200K
  class space    used 4013K, capacity 4325K, committed 4400K, reserved 1048576K
}
Event: 24.211 GC heap before
{Heap before GC invocations=9 (full 1):
 PSYoungGen      total 141312K, used 54308K [0x00000000e0000000, 0x00000000ef180000, 0x0000000100000000)
  eden space 130048K, 34% used [0x00000000e0000000,0x00000000e2b44438,0x00000000e7f00000)
  from space 11264K, 88% used [0x00000000e7f00000,0x00000000e88c4fa8,0x00000000e8a00000)
  to   space 12800K, 0% used [0x00000000ee500000,0x00000000ee500000,0x00000000ef180000)
 ParOldGen       total 55808K, used 9881K [0x00000000a0000000, 0x00000000a3680000, 0x00000000e0000000)
  object space 55808K, 17% used [0x00000000a0000000,0x00000000a09a6598,0x00000000a3680000)
 Metaspace       used 33541K, capacity 35340K, committed 35496K, reserved 1079296K
  class space    used 4776K, capacity 5147K, committed 5168K, reserved 1048576K
Event: 24.236 GC heap after
Heap after GC invocations=9 (full 1):
 PSYoungGen      total 223744K, used 8781K [0x00000000e0000000, 0x00000000eee00000, 0x0000000100000000)
  eden space 214528K, 0% used [0x00000000e0000000,0x00000000e0000000,0x00000000ed180000)
  from space 9216K, 95% used [0x00000000ee500000,0x00000000eed93428,0x00000000eee00000)
  to   space 12800K, 0% used [0x00000000ed500000,0x00000000ed500000,0x00000000ee180000)
 ParOldGen       total 55808K, used 9889K [0x00000000a0000000, 0x00000000a3680000, 0x00000000e0000000)
  object space 55808K, 17% used [0x00000000a0000000,0x00000000a09a8598,0x00000000a3680000)
 Metaspace       used 33541K, capacity 35340K, committed 35496K, reserved 1079296K
  class space    used 4776K, capacity 5147K, committed 5168K, reserved 1048576K
}
Event: 24.236 GC heap before
{Heap before GC invocations=10 (full 2):
 PSYoungGen      total 223744K, used 8781K [0x00000000e0000000, 0x00000000eee00000, 0x0000000100000000)
  eden space 214528K, 0% used [0x00000000e0000000,0x00000000e0000000,0x00000000ed180000)
  from space 9216K, 95% used [0x00000000ee500000,0x00000000eed93428,0x00000000eee00000)
  to   space 12800K, 0% used [0x00000000ed500000,0x00000000ed500000,0x00000000ee180000)
 ParOldGen       total 55808K, used 9889K [0x00000000a0000000, 0x00000000a3680000, 0x00000000e0000000)
  object space 55808K, 17% used [0x00000000a0000000,0x00000000a09a8598,0x00000000a3680000)
 Metaspace       used 33541K, capacity 35340K, committed 35496K, reserved 1079296K
  class space    used 4776K, capacity 5147K, committed 5168K, reserved 1048576K
Event: 24.364 GC heap after
Heap after GC invocations=10 (full 2):
 PSYoungGen      total 223744K, used 0K [0x00000000e0000000, 0x00000000eee00000, 0x0000000100000000)
  eden space 214528K, 0% used [0x00000000e0000000,0x00000000e0000000,0x00000000ed180000)
  from space 9216K, 0% used [0x00000000ee500000,0x00000000ee500000,0x00000000eee00000)
  to   space 12800K, 0% used [0x00000000ed500000,0x00000000ed500000,0x00000000ee180000)
 ParOldGen       total 75776K, used 15721K [0x00000000a0000000, 0x00000000a4a00000, 0x00000000e0000000)
  object space 75776K, 20% used [0x00000000a0000000,0x00000000a0f5a668,0x00000000a4a00000)
 Metaspace       used 33539K, capacity 35334K, committed 35496K, reserved 1079296K
  class space    used 4775K, capacity 5146K, committed 5168K, reserved 1048576K
}
Event: 37.187 GC heap before
{Heap before GC invocations=11 (full 2):
 PSYoungGen      total 223744K, used 214528K [0x00000000e0000000, 0x00000000eee00000, 0x0000000100000000)
  eden space 214528K, 100% used [0x00000000e0000000,0x00000000ed180000,0x00000000ed180000)
  from space 9216K, 0% used [0x00000000ee500000,0x00000000ee500000,0x00000000eee00000)
  to   space 12800K, 0% used [0x00000000ed500000,0x00000000ed500000,0x00000000ee180000)
 ParOldGen       total 75776K, used 15721K [0x00000000a0000000, 0x00000000a4a00000, 0x00000000e0000000)
  object space 75776K, 20% used [0x00000000a0000000,0x00000000a0f5a668,0x00000000a4a00000)
 Metaspace       used 38298K, capacity 40566K, committed 40624K, reserved 1083392K
  class space    used 5381K, capacity 5802K, committed 5808K, reserved 1048576K
Event: 37.205 GC heap after
Heap after GC invocations=11 (full 2):
 PSYoungGen      total 230912K, used 9301K [0x00000000e0000000, 0x00000000f3680000, 0x0000000100000000)
  eden space 218112K, 0% used [0x00000000e0000000,0x00000000e0000000,0x00000000ed500000)
  from space 12800K, 72% used [0x00000000ed500000,0x00000000ede157a0,0x00000000ee180000)
  to   space 12800K, 0% used [0x00000000f2a00000,0x00000000f2a00000,0x00000000f3680000)
 ParOldGen       total 75776K, used 15729K [0x00000000a0000000, 0x00000000a4a00000, 0x00000000e0000000)
  object space 75776K, 20% used [0x00000000a0000000,0x00000000a0f5c668,0x00000000a4a00000)
 Metaspace       used 38298K, capacity 40566K, committed 40624K, reserved 1083392K
  class space    used 5381K, capacity 5802K, committed 5808K, reserved 1048576K
}

